<?xml version="1.0" encoding="UTF-8"?>
<testng-results ignored="0" total="3" passed="3" failed="0" skipped="0">
  <reporter-output>
    <line>
      <![CDATA[TC3 Running]]>
    </line>
    <line>
      <![CDATA[TC2 Running]]>
    </line>
    <line>
      <![CDATA[TC1 Running]]>
    </line>
  </reporter-output>
  <suite started-at="2023-01-05T08:17:16 IST" name="Suite" finished-at="2023-01-05T08:17:17 IST" duration-ms="829">
    <groups>
    </groups>
    <test started-at="2023-01-05T08:17:16 IST" name="Test" finished-at="2023-01-05T08:17:17 IST" duration-ms="829">
      <class name="TestCases.TC3Test">
        <test-method signature="m3()[pri:0, instance:TestCases.TC3Test@759d26fb]" started-at="2023-01-05T08:17:17 IST" name="m3" finished-at="2023-01-05T08:17:17 IST" duration-ms="19" status="PASS">
          <reporter-output>
            <line>
              <![CDATA[TC3 Running]]>
            </line>
          </reporter-output>
        </test-method> <!-- m3 -->
      </class> <!-- TestCases.TC3Test -->
      <class name="TestCases.TC2Test">
        <test-method signature="m2()[pri:0, instance:TestCases.TC2Test@156b88f5]" started-at="2023-01-05T08:17:17 IST" name="m2" finished-at="2023-01-05T08:17:17 IST" duration-ms="4" status="PASS">
          <reporter-output>
            <line>
              <![CDATA[TC2 Running]]>
            </line>
          </reporter-output>
        </test-method> <!-- m2 -->
      </class> <!-- TestCases.TC2Test -->
      <class name="TestCases.TC1Test">
        <test-method signature="m1()[pri:0, instance:TestCases.TC1Test@3bf9ce3e]" started-at="2023-01-05T08:17:17 IST" name="m1" finished-at="2023-01-05T08:17:17 IST" duration-ms="6" status="PASS">
          <reporter-output>
            <line>
              <![CDATA[TC1 Running]]>
            </line>
          </reporter-output>
        </test-method> <!-- m1 -->
      </class> <!-- TestCases.TC1Test -->
    </test> <!-- Test -->
  </suite> <!-- Suite -->
</testng-results>
